<?xml version="1.0" encoding="UTF-8"?>
<testsuite name="se.yrgo.BookTest" tests="2" skipped="0" failures="0" errors="0" timestamp="2024-11-25T15:10:22" hostname="DESKTOP-N6MVKHF" time="0.006">
  <properties/>
  <testcase name="test2NonEqualBooks()" classname="se.yrgo.BookTest" time="0.002"/>
  <testcase name="test2EqualBooks()" classname="se.yrgo.BookTest" time="0.001"/>
  <system-out><![CDATA[]]></system-out>
  <system-err><![CDATA[]]></system-err>
</testsuite>
