<?xml version="1.0" encoding="UTF-8"?>
<testsuite name="se.yrgo.LoanTest" tests="1" skipped="0" failures="0" errors="0" timestamp="2024-11-25T15:10:22" hostname="DESKTOP-N6MVKHF" time="0.016">
  <properties/>
  <testcase name="testDueDate()" classname="se.yrgo.LoanTest" time="0.016"/>
  <system-out><![CDATA[]]></system-out>
  <system-err><![CDATA[]]></system-err>
</testsuite>
