<?xml version="1.0" encoding="UTF-8"?>
<testsuite name="se.yrgo.BookCatalogTest" tests="5" skipped="0" failures="0" errors="0" timestamp="2024-11-25T15:10:22" hostname="DESKTOP-N6MVKHF" time="0.05">
  <properties/>
  <testcase name="testAddABook()" classname="se.yrgo.BookCatalogTest" time="0.024"/>
  <testcase name="testFindBook()" classname="se.yrgo.BookCatalogTest" time="0.008"/>
  <testcase name="testFindBookIgnoringCase()" classname="se.yrgo.BookCatalogTest" time="0.002"/>
  <testcase name="testFindBookWithExtraSpaces()" classname="se.yrgo.BookCatalogTest" time="0.002"/>
  <testcase name="testFindBookThatDoesntExist()" classname="se.yrgo.BookCatalogTest" time="0.003"/>
  <system-out><![CDATA[]]></system-out>
  <system-err><![CDATA[]]></system-err>
</testsuite>
